<?xml version="1.0" encoding="UTF-8"?>
<!-- Generated by org.testng.reporters.JUnitReportReporter -->
<testsuite hostname="Varun" failures="0" tests="3" name="testng.Demo" time="54.390" errors="0" timestamp="2022-10-11T10:45:38 IST" skipped="0">
  <testcase classname="testng.Demo" name="tc1" time="19.569"/>
  <system-out/>
  <testcase classname="testng.Demo" name="tc1" time="17.916"/>
  <system-out/>
  <testcase classname="testng.Demo" name="tc1" time="16.905"/>
  <system-out/>
</testsuite> <!-- testng.Demo -->
