<?xml version="1.0" encoding="UTF-8"?>
<!-- Generated by org.testng.reporters.JUnitReportReporter -->
<testsuite hostname="Varun" failures="0" tests="1" name="testng.Testcase2" time="13.448" errors="0" timestamp="2022-10-10T09:59:49 IST" skipped="0">
  <testcase classname="testng.Testcase2" name="forgotPassowrd" time="13.448"/>
  <system-out>
    <![CDATA[actiTIME - Login
https://demo.actitime.com/login.do]]>
  </system-out>
</testsuite> <!-- testng.Testcase2 -->
